Performing C SOURCE FILE Test CMAKE_HAVE_LIBC_PTHREAD failed with the following output:
Change Dir: /home/robin/projects/official/ReactorHttp_Cpp/ReactorHttp-Cpp/build/CMakeFiles/CMakeTmp

Run Build Command(s):/usr/bin/gmake cmTC_c5ebd/fast && /usr/bin/gmake -f CMakeFiles/cmTC_c5ebd.dir/build.make CMakeFiles/cmTC_c5ebd.dir/build
gmake[1]: 进入目录“/home/robin/projects/official/ReactorHttp_Cpp/ReactorHttp-Cpp/build/CMakeFiles/CMakeTmp”
Building C object CMakeFiles/cmTC_c5ebd.dir/src.c.o
/usr/bin/cc   -DCMAKE_HAVE_LIBC_PTHREAD   -o CMakeFiles/cmTC_c5ebd.dir/src.c.o   -c /home/robin/projects/official/ReactorHttp_Cpp/ReactorHttp-Cpp/build/CMakeFiles/CMakeTmp/src.c
Linking C executable cmTC_c5ebd
/opt/cmake-3.15/cmake-3.15.0-Linux-x86_64/bin/cmake -E cmake_link_script CMakeFiles/cmTC_c5ebd.dir/link.txt --verbose=1
/usr/bin/cc  -DCMAKE_HAVE_LIBC_PTHREAD    CMakeFiles/cmTC_c5ebd.dir/src.c.o  -o cmTC_c5ebd 
CMakeFiles/cmTC_c5ebd.dir/src.c.o：在函数‘main’中：
src.c:(.text+0x2d)：对‘pthread_create’未定义的引用
src.c:(.text+0x39)：对‘pthread_detach’未定义的引用
src.c:(.text+0x4a)：对‘pthread_join’未定义的引用
src.c:(.text+0x5e)：对‘pthread_atfork’未定义的引用
collect2: 错误：ld 返回 1
gmake[1]: *** [cmTC_c5ebd] 错误 1
gmake[1]: 离开目录“/home/robin/projects/official/ReactorHttp_Cpp/ReactorHttp-Cpp/build/CMakeFiles/CMakeTmp”
gmake: *** [cmTC_c5ebd/fast] 错误 2


Source file was:
#include <pthread.h>

void* test_func(void* data)
{
  return data;
}

int main(void)
{
  pthread_t thread;
  pthread_create(&thread, NULL, test_func, NULL);
  pthread_detach(thread);
  pthread_join(thread, NULL);
  pthread_atfork(NULL, NULL, NULL);
  pthread_exit(NULL);

  return 0;
}

Determining if the function pthread_create exists in the pthreads failed with the following output:
Change Dir: /home/robin/projects/official/ReactorHttp_Cpp/ReactorHttp-Cpp/build/CMakeFiles/CMakeTmp

Run Build Command(s):/usr/bin/gmake cmTC_a8940/fast && /usr/bin/gmake -f CMakeFiles/cmTC_a8940.dir/build.make CMakeFiles/cmTC_a8940.dir/build
gmake[1]: 进入目录“/home/robin/projects/official/ReactorHttp_Cpp/ReactorHttp-Cpp/build/CMakeFiles/CMakeTmp”
Building C object CMakeFiles/cmTC_a8940.dir/CheckFunctionExists.c.o
/usr/bin/cc   -DCHECK_FUNCTION_EXISTS=pthread_create   -o CMakeFiles/cmTC_a8940.dir/CheckFunctionExists.c.o   -c /opt/cmake-3.15/cmake-3.15.0-Linux-x86_64/share/cmake-3.15/Modules/CheckFunctionExists.c
Linking C executable cmTC_a8940
/opt/cmake-3.15/cmake-3.15.0-Linux-x86_64/bin/cmake -E cmake_link_script CMakeFiles/cmTC_a8940.dir/link.txt --verbose=1
/usr/bin/cc  -DCHECK_FUNCTION_EXISTS=pthread_create    CMakeFiles/cmTC_a8940.dir/CheckFunctionExists.c.o  -o cmTC_a8940 -lpthreads 
/usr/bin/ld: 找不到 -lpthreads
collect2: 错误：ld 返回 1
gmake[1]: *** [cmTC_a8940] 错误 1
gmake[1]: 离开目录“/home/robin/projects/official/ReactorHttp_Cpp/ReactorHttp-Cpp/build/CMakeFiles/CMakeTmp”
gmake: *** [cmTC_a8940/fast] 错误 2



